{
  "RSpec": {
    "coverage": {
      "/Users/jonathanwarner/workspace/protocol-droid/config/environment.rb": [
        null,
        1,
        null,
        null,
        0
      ],
      "/Users/jonathanwarner/workspace/protocol-droid/config/application.rb": [
        1,
        1,
        null,
        1,
        null,
        1,
        null,
        0,
        0,
        0,
        null,
        null,
        0,
        null,
        0,
        0,
        0,
        0,
        null,
        null,
        0,
        0,
        0,
        0,
        null,
        0,
        null,
        null,
        0,
        0,
        0,
        null,
        null,
        0,
        null,
        null,
        null,
        null,
        null,
        null,
        null,
        null,
        null,
        0,
        0,
        null,
        null,
        null,
        0,
        0
      ],
      "/Users/jonathanwarner/workspace/protocol-droid/config/boot.rb": [
        1,
        1
      ]
    },
    "timestamp": 1457462638
  }
}
